23:03:38,791 - sequence
23:03:38,791 - room RoomA3 contains blocks: 
23:03:38,791 - room RoomA2 contains blocks:  Y G G
23:03:38,792 - room RoomB3 contains blocks:  P Y
23:03:38,792 - room RoomC1 contains blocks:  Y R R W G P
23:03:38,792 - room RoomA1 contains blocks:  B O O
23:03:38,792 - room RoomB2 contains blocks:  B Y
23:03:38,793 - room RoomC3 contains blocks:  R
23:03:38,793 - room RoomB1 contains blocks:  B R P
23:03:38,793 - room RoomC2 contains blocks:  W R
23:03:38,793 - sequence B G Y P O R
23:03:47,624 - action Bot_1 goTo(FrontRoomC3)
23:03:48,833 - action Bot_2 goTo(RoomA1)
23:03:58,097 - action Bot_2 goToBlock(49)
23:03:58,498 - action Bot_2 pickUp(49)
23:03:59,480 - action Bot_2 goTo(RoomC3)
23:04:04,259 - action Bot_2 putDown
23:04:04,729 - action Bot_2 goTo(RoomA1)
23:04:09,456 - action Bot_2 goToBlock(50)
23:04:09,793 - action Bot_2 pickUp(50)
23:04:10,715 - action Bot_2 goTo(RoomC3)
23:04:15,359 - action Bot_2 putDown
23:04:15,784 - action Bot_2 goTo(RoomA1)
23:04:21,003 - action Bot_2 goTo(RoomA2)
23:04:25,364 - action Bot_2 goToBlock(38)
23:04:25,738 - action Bot_2 pickUp(38)
23:04:26,625 - action Bot_2 goTo(RoomC3)
23:04:30,801 - action Bot_2 putDown
23:04:31,281 - action Bot_2 goTo(RoomA2)
23:04:35,509 - action Bot_2 goToBlock(39)
23:04:35,899 - action Bot_2 pickUp(39)
23:04:36,865 - action Bot_2 goTo(RoomC3)
23:04:41,086 - action Bot_2 putDown
23:04:41,528 - action Bot_2 goTo(RoomA2)
23:04:46,234 - action Bot_2 goTo(RoomA3)
23:04:48,260 - action Bot_2 goTo(RoomB1)
23:04:54,588 - action Bot_2 goToBlock(56)
23:04:54,907 - action Bot_2 pickUp(56)
23:04:55,976 - action Bot_2 goTo(RoomC3)
23:04:59,748 - action Bot_2 putDown
23:05:00,162 - action Bot_2 goTo(RoomB1)
23:05:04,025 - action Bot_2 goToBlock(57)
23:05:04,550 - action Bot_2 pickUp(57)
23:05:05,502 - action Bot_2 goTo(RoomC3)
23:05:09,438 - action Bot_2 putDown
23:05:09,902 - action Bot_2 goTo(RoomB1)
23:05:14,201 - action Bot_2 goTo(RoomB2)
23:05:16,919 - action Bot_2 goTo(RoomB3)
23:05:19,399 - action Bot_2 goTo(RoomC1)
23:05:25,482 - action Bot_2 goTo(RoomC2)
23:05:27,841 - action Bot_2 goTo(RoomC3)
23:05:31,500 - action Bot_2 goTo(FrontRoomC3)
23:05:32,109 - action Bot_1 goTo(RoomC3)
23:05:32,414 - action Bot_2 goTo(RoomC3)
23:05:32,652 - Bot Bot_2 collided.
23:05:34,032 - action Bot_1 goToBlock(49)
23:05:34,490 - action Bot_1 pickUp(49)
23:05:35,259 - action Bot_1 goTo(DropZone)
23:05:38,650 - action Bot_1 putDown
23:05:38,810 - action Bot_1 goTo(RoomC3)
