22:31:12,849 - sequence
22:31:12,849 - room RoomA3 contains blocks: 
22:31:12,849 - room RoomA2 contains blocks:  Y G G
22:31:12,850 - room RoomB3 contains blocks:  P Y
22:31:12,850 - room RoomC1 contains blocks:  Y R R W G P
22:31:12,851 - room RoomA1 contains blocks:  B O O
22:31:12,851 - room RoomB2 contains blocks:  B Y
22:31:12,852 - room RoomC3 contains blocks:  R
22:31:12,852 - room RoomB1 contains blocks:  B R P
22:31:12,852 - room RoomC2 contains blocks:  W R
22:31:12,852 - sequence B G Y P O R
22:31:18,627 - action Bot_1 goTo(RoomA1)
22:31:30,404 - action Bot_1 goToBlock(49)
22:31:30,787 - action Bot_1 pickUp(49)
22:31:31,486 - action Bot_1 goTo(RoomC3)
22:31:36,292 - action Bot_1 putDown
22:31:36,635 - action Bot_1 goTo(RoomA1)
22:31:41,384 - action Bot_1 goToBlock(50)
22:31:41,683 - action Bot_1 pickUp(50)
22:31:42,376 - action Bot_1 goTo(RoomC3)
22:31:47,168 - action Bot_1 putDown
22:31:47,485 - action Bot_1 goTo(RoomA1)
22:31:52,458 - action Bot_1 goTo(RoomA2)
22:31:58,479 - action Bot_1 goToBlock(38)
22:31:58,843 - action Bot_1 pickUp(38)
22:31:59,541 - action Bot_1 goTo(RoomC3)
22:32:03,896 - action Bot_1 putDown
22:32:04,224 - action Bot_1 goTo(RoomA2)
22:32:08,448 - action Bot_1 goToBlock(39)
22:32:08,689 - action Bot_1 pickUp(39)
22:32:09,391 - action Bot_1 goTo(RoomC3)
22:32:13,588 - action Bot_1 putDown
22:32:13,923 - action Bot_1 goTo(RoomA2)
22:32:18,479 - action Bot_1 goTo(RoomA3)
22:32:20,233 - action Bot_1 goTo(RoomB1)
22:32:26,955 - action Bot_1 goToBlock(56)
22:32:27,317 - action Bot_1 pickUp(56)
22:32:28,009 - action Bot_1 goTo(RoomC3)
22:32:31,869 - action Bot_1 putDown
22:32:32,192 - action Bot_1 goTo(RoomB1)
