22:29:53,685 - sequence
22:29:53,685 - room RoomA3 contains blocks: 
22:29:53,685 - room RoomA2 contains blocks:  Y G G
22:29:53,686 - room RoomB3 contains blocks:  P Y
22:29:53,686 - room RoomC1 contains blocks:  Y R R W G P
22:29:53,687 - room RoomA1 contains blocks:  B O O
22:29:53,687 - room RoomB2 contains blocks:  B Y
22:29:53,688 - room RoomC3 contains blocks:  R
22:29:53,688 - room RoomB1 contains blocks:  B R P
22:29:53,688 - room RoomC2 contains blocks:  W R
22:29:53,688 - sequence B G Y P O R
22:30:18,882 - action Bot_1 goTo(RoomA1)
22:30:30,604 - action Bot_1 goToBlock(49)
22:30:30,868 - action Bot_1 pickUp(49)
22:30:31,577 - action Bot_1 goTo(FrontDropZone)
22:30:35,747 - action Bot_1 putDown
22:30:36,089 - action Bot_1 goTo(RoomA1)
22:30:41,057 - action Bot_1 goToBlock(50)
22:30:41,307 - action Bot_1 pickUp(50)
22:30:42,050 - action Bot_1 goTo(FrontDropZone)
22:30:46,194 - action Bot_1 putDown
22:30:46,524 - action Bot_1 goTo(RoomA1)
