22:48:47,736 - sequence
22:48:47,737 - room RoomA3 contains blocks: 
22:48:47,737 - room RoomA2 contains blocks:  Y G G
22:48:47,737 - room RoomB3 contains blocks:  P Y
22:48:47,738 - room RoomC1 contains blocks:  Y R R W G P
22:48:47,739 - room RoomA1 contains blocks:  B O O
22:48:47,739 - room RoomB2 contains blocks:  B Y
22:48:47,740 - room RoomC3 contains blocks:  R
22:48:47,740 - room RoomB1 contains blocks:  B R P
22:48:47,740 - room RoomC2 contains blocks:  W R
22:48:47,740 - sequence B G Y P O R
22:48:57,121 - action Bot_1 goTo(FrontRoomC3)
22:48:58,327 - action Bot_2 goTo(RoomA1)
22:49:12,980 - action Bot_2 goToBlock(49)
22:49:13,354 - action Bot_2 pickUp(49)
22:49:14,246 - action Bot_2 goTo(RoomC3)
22:49:18,970 - action Bot_2 putDown
22:49:19,388 - action Bot_2 goTo(RoomA1)
22:49:24,166 - action Bot_2 goToBlock(50)
22:49:24,572 - action Bot_2 pickUp(50)
22:49:25,588 - action Bot_2 goTo(RoomC3)
22:49:30,259 - action Bot_2 putDown
22:49:30,680 - action Bot_2 goTo(RoomA1)
22:49:35,784 - action Bot_2 goTo(RoomA2)
22:49:44,087 - action Bot_2 goToBlock(38)
22:49:44,399 - action Bot_2 pickUp(38)
22:49:45,268 - action Bot_2 goTo(RoomC3)
22:49:49,429 - action Bot_2 putDown
22:49:49,846 - action Bot_2 goTo(RoomA2)
22:49:54,144 - action Bot_2 goToBlock(39)
22:49:54,596 - action Bot_2 pickUp(39)
22:49:55,532 - action Bot_2 goTo(RoomC3)
22:49:59,813 - action Bot_2 putDown
22:50:00,256 - action Bot_2 goTo(RoomA2)
22:50:04,853 - action Bot_2 goTo(RoomA3)
22:50:06,844 - action Bot_2 goTo(RoomB1)
22:50:14,554 - action Bot_2 goToBlock(56)
22:50:15,009 - action Bot_2 pickUp(56)
22:50:16,009 - action Bot_2 goTo(RoomC3)
22:50:19,858 - action Bot_2 putDown
22:50:20,269 - action Bot_2 goTo(RoomB1)
22:50:24,072 - action Bot_2 goToBlock(57)
22:50:24,539 - action Bot_2 pickUp(57)
22:50:25,506 - action Bot_2 goTo(RoomC3)
22:50:29,316 - action Bot_2 putDown
22:50:29,788 - action Bot_2 goTo(RoomB1)
22:50:33,919 - action Bot_2 goTo(RoomB2)
22:50:36,377 - action Bot_2 goTo(RoomB3)
22:50:38,818 - action Bot_2 goTo(RoomC1)
22:50:44,844 - action Bot_2 goTo(RoomC2)
22:50:47,253 - action Bot_2 goTo(RoomC3)
22:50:51,018 - action Bot_2 goTo(RoomA1)
22:50:56,575 - action Bot_2 goTo(RoomA2)
22:50:58,849 - action Bot_2 goTo(RoomA3)
22:51:00,722 - action Bot_2 goTo(RoomB1)
22:51:05,275 - action Bot_2 goTo(RoomB2)
22:51:07,804 - action Bot_2 goTo(RoomB3)
22:51:10,376 - action Bot_2 goTo(RoomC1)
22:51:16,482 - action Bot_2 goTo(RoomC2)
22:51:19,102 - action Bot_2 goTo(RoomC3)
22:51:23,071 - action Bot_2 goTo(RoomA1)
