15:26:54,920 - sequence
15:26:54,920 - room RoomA3 contains blocks:  R W Y G P B R
15:26:54,921 - room RoomA2 contains blocks:  B G W Y
15:26:54,921 - room RoomB3 contains blocks:  Y W
15:26:54,921 - room RoomC1 contains blocks:  W
15:26:54,921 - room RoomA1 contains blocks:  W Y
15:26:54,921 - room RoomB2 contains blocks:  O O R W
15:26:54,921 - room RoomC3 contains blocks:  O W
15:26:54,921 - room RoomB1 contains blocks:  O P
15:26:54,921 - room RoomC2 contains blocks:  P B O P
15:26:54,922 - sequence B Y R O W Y
15:27:00,474 - action Bot_1 goTo(RoomC3)
15:27:10,654 - action Bot_1 goTo(FrontRoomC3)
15:27:11,022 - action Bot_3 goTo(RoomA1)
15:27:11,268 - action Bot_2 goTo(RoomC2)
15:27:20,669 - action Bot_2 goToBlock(63)
15:27:21,277 - action Bot_2 pickUp(63)
15:27:22,083 - action Bot_3 goToBlock(53)
15:27:22,328 - action Bot_2 goTo(FrontRoomC3)
15:27:22,510 - action Bot_3 pickUp(53)
15:27:23,566 - action Bot_3 goTo(FrontRoomC3)
15:27:24,324 - action Bot_2 goTo(RoomC3)
15:27:25,038 - action Bot_2 putDown
15:27:25,314 - action Bot_2 goTo(RoomC2)
15:27:31,098 - action Bot_3 goTo(RoomC3)
15:27:31,820 - action Bot_3 putDown
15:27:32,071 - action Bot_2 goTo(RoomC1)
15:27:32,132 - action Bot_3 goTo(RoomA1)
15:27:36,586 - action Bot_2 goTo(RoomB3)
15:27:42,084 - action Bot_3 goTo(RoomA2)
15:27:43,827 - action Bot_2 goToBlock(49)
15:27:44,438 - action Bot_2 pickUp(49)
15:27:44,794 - action Bot_3 goToBlock(45)
15:27:45,417 - action Bot_3 pickUp(45)
15:27:45,451 - action Bot_2 goTo(FrontRoomC3)
15:27:46,425 - action Bot_3 goTo(FrontRoomC3)
15:27:49,928 - action Bot_2 goTo(RoomC3)
15:27:50,641 - action Bot_2 putDown
15:27:50,913 - action Bot_2 goTo(RoomB3)
15:27:53,425 - action Bot_3 goTo(RoomC3)
15:27:54,217 - action Bot_3 putDown
15:27:54,467 - action Bot_3 goTo(RoomA2)
15:27:58,443 - action Bot_2 goTo(RoomB2)
15:28:04,005 - action Bot_2 goToBlock(56)
15:28:04,531 - action Bot_2 pickUp(56)
15:28:05,590 - action Bot_2 goTo(FrontRoomC3)
15:28:06,143 - action Bot_3 goToBlock(48)
15:28:06,714 - action Bot_3 pickUp(48)
15:28:07,816 - action Bot_3 goTo(FrontRoomC3)
15:28:10,753 - action Bot_2 goTo(RoomC3)
15:28:11,453 - action Bot_2 putDown
15:28:11,726 - action Bot_2 goTo(RoomB2)
15:28:13,370 - action Bot_1 goTo(RoomC3)
15:28:14,721 - action Bot_3 goTo(RoomC3)
15:28:15,134 - Bot Bot_3 collided.
15:28:15,701 - action Bot_1 goToBlock(63)
15:28:16,123 - action Bot_1 pickUp(63)
15:28:17,176 - action Bot_1 goTo(DropZone)
15:28:19,564 - action Bot_2 goTo(RoomB1)
15:28:22,873 - action Bot_1 putDown
15:28:23,064 - action Bot_1 goTo(RoomC3)
15:28:24,501 - action Bot_2 goTo(RoomA3)
15:28:32,895 - action Bot_1 goToBlock(53)
15:28:33,541 - action Bot_1 pickUp(53)
15:28:33,657 - action Bot_2 goToBlock(40)
15:28:34,366 - action Bot_2 pickUp(40)
15:28:34,609 - action Bot_1 goTo(DropZone)
15:28:35,392 - action Bot_2 goTo(FrontRoomC3)
15:28:40,540 - action Bot_1 putDown
15:28:40,757 - action Bot_1 goTo(RoomC3)
15:28:41,665 - action Bot_2 goTo(RoomC3)
15:28:42,375 - action Bot_2 putDown
15:28:42,662 - action Bot_2 goTo(RoomA3)
15:28:51,113 - action Bot_1 goToBlock(56)
15:28:51,610 - action Bot_1 pickUp(56)
15:28:52,669 - action Bot_1 goTo(DropZone)
15:28:53,222 - action Bot_2 goTo(RoomA2)
15:28:57,605 - action Bot_2 goTo(RoomA1)
15:28:58,432 - action Bot_1 putDown
15:28:58,661 - action Bot_1 goTo(RoomC3)
15:29:01,252 - action Bot_2 goTo(RoomC1)
15:29:06,034 - action Bot_1 goToBlock(58)
15:29:06,694 - action Bot_1 pickUp(58)
15:29:07,763 - action Bot_1 goTo(DropZone)
15:29:09,094 - action Bot_2 goTo(RoomB3)
15:29:13,732 - action Bot_1 putDown
15:29:13,943 - action Bot_1 goTo(RoomC3)
15:29:16,962 - action Bot_2 goTo(RoomB2)
15:29:22,066 - action Bot_2 goTo(RoomB1)
15:29:22,752 - action Bot_1 goToBlock(59)
15:29:23,257 - action Bot_1 pickUp(59)
15:29:24,312 - action Bot_1 goTo(DropZone)
15:29:26,473 - action Bot_2 goTo(RoomA3)
15:29:30,054 - action Bot_1 putDown
15:29:30,263 - action Bot_1 goTo(RoomC3)
15:29:37,706 - action Bot_2 goTo(RoomA2)
15:29:38,478 - action Bot_1 goToBlock(49)
15:29:39,079 - action Bot_1 pickUp(49)
15:29:40,075 - action Bot_1 goTo(DropZone)
15:29:41,929 - action Bot_2 goTo(RoomA1)
