12:57:46,360 - sequence
12:57:46,360 - room RoomA3 contains blocks:  P B
12:57:46,361 - room RoomA2 contains blocks:  P
12:57:46,361 - room RoomB3 contains blocks:  W R O O Y
12:57:46,362 - room RoomC1 contains blocks:  Y
12:57:46,362 - room RoomA1 contains blocks:  O G W
12:57:46,362 - room RoomB2 contains blocks:  R Y
12:57:46,363 - room RoomC3 contains blocks:  Y P P
12:57:46,363 - room RoomB1 contains blocks:  R O Y
12:57:46,364 - room RoomC2 contains blocks:  R R R G G W Y
12:57:46,365 - sequence Y Y Y Y Y Y
12:57:52,904 - action Bot_1 goTo(RoomA1)
12:57:58,975 - action Bot_1 goTo(RoomA2)
12:58:01,108 - action Bot_1 goTo(RoomA3)
12:58:03,619 - action Bot_1 goTo(RoomB1)
12:58:08,832 - action Bot_1 goToBlock(57)
12:58:09,202 - action Bot_1 pickUp(57)
12:58:09,897 - action Bot_1 goTo(DropZone)
12:58:14,168 - action Bot_1 putDown
12:58:14,370 - action Bot_1 goTo(RoomB1)
12:58:18,701 - action Bot_1 goTo(RoomB2)
12:58:21,251 - action Bot_1 goToBlock(51)
12:58:21,531 - action Bot_1 pickUp(51)
12:58:22,214 - action Bot_1 goTo(DropZone)
12:58:26,859 - action Bot_1 putDown
12:58:27,048 - action Bot_1 goTo(RoomB2)
12:58:31,858 - action Bot_1 goTo(RoomB3)
12:58:35,375 - action Bot_1 goToBlock(45)
12:58:35,771 - action Bot_1 pickUp(45)
12:58:36,454 - action Bot_1 goTo(DropZone)
12:58:40,778 - action Bot_1 putDown
12:58:40,988 - action Bot_1 goTo(RoomB3)
12:58:45,336 - action Bot_1 goTo(RoomC1)
12:58:49,972 - action Bot_1 goToBlock(46)
12:58:50,383 - action Bot_1 pickUp(46)
12:58:51,074 - action Bot_1 goTo(DropZone)
12:58:54,492 - action Bot_1 putDown
12:58:54,706 - action Bot_1 goTo(RoomC1)
12:58:58,103 - action Bot_1 goTo(RoomC2)
12:59:02,249 - action Bot_1 goToBlock(64)
12:59:02,655 - action Bot_1 pickUp(64)
12:59:03,324 - action Bot_1 goTo(DropZone)
12:59:07,193 - action Bot_1 putDown
12:59:07,385 - action Bot_1 goTo(RoomC2)
12:59:11,259 - action Bot_1 goTo(RoomC3)
12:59:14,059 - action Bot_1 goToBlock(52)
12:59:14,505 - action Bot_1 pickUp(52)
12:59:15,200 - action Bot_1 goTo(DropZone)
12:59:18,632 - action Bot_1 putDown
12:59:18,632 - Time to finish sequence is 1 minutes and 25 seconds
12:59:18,633 - agentsummary Bot_1 handicaps none
12:59:18,633 - agentsummary main gooddrops 6
12:59:18,633 - agentsummary main wrongdrops 0
12:59:18,633 - agentsummary main nmessage 0
12:59:18,633 - agentsummary main idletime 21.25
12:59:18,633 - agentsummary main nroomsentered 20
12:59:18,827 - action Bot_1 goTo(RoomC3)
