23:47:08,461 - sequence
23:47:08,461 - room RoomA3 contains blocks: 
23:47:08,462 - room RoomA2 contains blocks:  Y G G
23:47:08,462 - room RoomB3 contains blocks:  P Y
23:47:08,462 - room RoomC1 contains blocks:  Y R R W G P
23:47:08,463 - room RoomA1 contains blocks:  B O O
23:47:08,463 - room RoomB2 contains blocks:  B Y
23:47:08,463 - room RoomC3 contains blocks:  R
23:47:08,463 - room RoomB1 contains blocks:  B R P
23:47:08,464 - room RoomC2 contains blocks:  W R
23:47:08,464 - sequence B G Y P O R
23:47:18,752 - action Bot_1 goTo(FrontRoomC3)
23:47:19,847 - action Bot_2 goTo(RoomA1)
23:47:34,432 - action Bot_2 goToBlock(49)
23:47:35,032 - action Bot_2 pickUp(49)
23:47:35,945 - action Bot_2 goTo(RoomC3)
23:47:45,355 - action Bot_2 putDown
23:47:45,842 - action Bot_2 goTo(RoomA1)
23:47:55,028 - action Bot_2 goToBlock(50)
23:47:55,789 - action Bot_2 pickUp(50)
23:47:56,847 - action Bot_2 goTo(RoomC3)
23:48:06,216 - action Bot_2 putDown
23:48:06,718 - action Bot_2 goTo(RoomA1)
23:48:16,340 - action Bot_2 goTo(RoomA2)
23:48:22,504 - action Bot_2 goToBlock(38)
23:48:23,262 - action Bot_2 pickUp(38)
23:48:24,236 - action Bot_2 goTo(RoomC3)
23:48:32,753 - action Bot_2 putDown
23:48:33,231 - action Bot_2 goTo(RoomA2)
23:48:41,491 - action Bot_2 goToBlock(39)
23:48:42,416 - action Bot_2 pickUp(39)
23:48:43,291 - action Bot_2 goTo(RoomC3)
23:48:51,848 - action Bot_2 putDown
23:48:52,271 - action Bot_2 goTo(RoomA2)
23:49:00,936 - action Bot_2 goTo(RoomA3)
23:49:03,948 - action Bot_2 goTo(RoomB1)
23:49:14,414 - action Bot_2 goToBlock(56)
23:49:14,936 - action Bot_2 pickUp(56)
23:49:15,916 - action Bot_2 goTo(RoomC3)
23:49:23,294 - action Bot_2 putDown
23:49:23,711 - action Bot_2 goTo(RoomB1)
23:49:31,026 - action Bot_2 goToBlock(57)
23:49:31,874 - action Bot_2 pickUp(57)
23:49:32,802 - action Bot_2 goTo(RoomC3)
23:49:40,408 - action Bot_2 putDown
23:49:40,928 - action Bot_2 goTo(RoomB1)
23:49:48,746 - action Bot_2 goTo(RoomB2)
23:49:52,832 - action Bot_2 goTo(RoomB3)
23:49:56,824 - action Bot_2 goTo(RoomC1)
23:50:06,989 - action Bot_2 goTo(RoomC2)
23:50:10,631 - action Bot_1 goTo(RoomC3)
23:50:10,931 - action Bot_2 goTo(RoomC2)
23:50:14,715 - action Bot_1 goToBlock(49)
23:50:15,483 - action Bot_1 pickUp(49)
23:50:16,394 - action Bot_1 goTo(DropZone)
23:50:23,077 - action Bot_1 putDown
23:50:23,272 - action Bot_1 goTo(RoomC3)
23:50:29,748 - action Bot_1 goToBlock(39)
23:50:30,386 - action Bot_1 pickUp(39)
23:50:31,329 - action Bot_1 goTo(DropZone)
23:50:37,691 - action Bot_1 putDown
23:50:37,854 - action Bot_1 goTo(RoomC3)
