22:27:19,119 - sequence
22:27:19,120 - room RoomA3 contains blocks: 
22:27:19,120 - room RoomA2 contains blocks:  Y G G
22:27:19,120 - room RoomB3 contains blocks:  P Y
22:27:19,121 - room RoomC1 contains blocks:  Y R R W G P
22:27:19,122 - room RoomA1 contains blocks:  B O O
22:27:19,122 - room RoomB2 contains blocks:  B Y
22:27:19,122 - room RoomC3 contains blocks:  R
22:27:19,122 - room RoomB1 contains blocks:  B R P
22:27:19,123 - room RoomC2 contains blocks:  W R
22:27:19,123 - sequence B G Y P O R
22:29:02,372 - action Bot_1 goTo(RoomA1)
22:29:15,005 - action Bot_1 goToBlock(49)
22:29:15,425 - action Bot_1 pickUp(49)
22:29:16,131 - action Bot_1 goTo(RoomC3)
22:29:20,952 - action Bot_1 putDown
22:29:21,283 - action Bot_1 goTo(RoomA1)
22:29:25,967 - action Bot_1 goToBlock(50)
22:29:26,212 - action Bot_1 pickUp(50)
22:29:26,911 - action Bot_1 goTo(RoomC3)
22:29:32,538 - action Bot_1 putDown
22:29:32,863 - action Bot_1 goTo(RoomA1)
22:29:37,825 - action Bot_1 goTo(RoomA2)
22:29:43,810 - action Bot_1 goToBlock(38)
22:29:44,090 - action Bot_1 pickUp(38)
22:29:44,779 - action Bot_1 goTo(RoomC3)
