23:26:11,551 - sequence
23:26:11,552 - room RoomA3 contains blocks: 
23:26:11,552 - room RoomA2 contains blocks:  Y G G
23:26:11,553 - room RoomB3 contains blocks:  P Y
23:26:11,554 - room RoomC1 contains blocks:  Y R R W G P
23:26:11,555 - room RoomA1 contains blocks:  B O O
23:26:11,555 - room RoomB2 contains blocks:  B Y
23:26:11,555 - room RoomC3 contains blocks:  R
23:26:11,555 - room RoomB1 contains blocks:  B R P
23:26:11,556 - room RoomC2 contains blocks:  W R
23:26:11,556 - sequence B G Y P O R
23:26:17,492 - action Bot_1 goTo(FrontRoomC3)
23:26:19,104 - action Bot_2 goTo(RoomA1)
23:26:28,555 - action Bot_2 goToBlock(49)
23:26:28,982 - action Bot_2 pickUp(49)
23:26:29,914 - action Bot_2 goTo(RoomC3)
23:26:34,691 - action Bot_2 putDown
23:26:35,217 - action Bot_2 goTo(RoomA1)
23:26:40,024 - action Bot_2 goToBlock(50)
23:26:40,462 - action Bot_2 pickUp(50)
23:26:41,368 - action Bot_2 goTo(RoomC3)
23:26:46,115 - action Bot_2 putDown
23:26:46,625 - action Bot_2 goTo(RoomA1)
23:26:51,892 - action Bot_2 goTo(RoomA2)
23:26:56,727 - action Bot_2 goToBlock(38)
23:26:57,107 - action Bot_2 pickUp(38)
23:26:57,998 - action Bot_2 goTo(RoomC3)
23:27:02,244 - action Bot_2 putDown
23:27:02,687 - action Bot_2 goTo(RoomA2)
23:27:06,997 - action Bot_2 goToBlock(39)
23:27:07,485 - action Bot_2 pickUp(39)
23:27:08,378 - action Bot_2 goTo(RoomC3)
23:27:12,690 - action Bot_2 putDown
23:27:13,116 - action Bot_2 goTo(RoomA2)
23:27:17,735 - action Bot_2 goTo(RoomA3)
23:27:19,773 - action Bot_2 goTo(RoomB1)
23:27:26,218 - action Bot_2 goToBlock(56)
23:27:26,684 - action Bot_2 pickUp(56)
23:27:27,566 - action Bot_2 goTo(RoomC3)
23:27:31,492 - action Bot_2 putDown
23:27:31,910 - action Bot_2 goTo(RoomB1)
23:27:35,809 - action Bot_2 goToBlock(57)
23:27:36,240 - action Bot_2 pickUp(57)
23:27:37,153 - action Bot_2 goTo(RoomC3)
23:27:40,976 - action Bot_2 putDown
23:27:41,475 - action Bot_2 goTo(RoomB1)
23:27:45,643 - action Bot_2 goTo(RoomB2)
23:27:48,228 - action Bot_2 goTo(RoomB3)
23:27:50,945 - action Bot_2 goTo(RoomC1)
23:27:56,731 - action Bot_2 goTo(RoomC2)
23:27:59,221 - action Bot_1 goTo(RoomC3)
23:27:59,485 - action Bot_2 goTo(RoomC2)
