13:45:44,080 - sequence
13:45:44,080 - room RoomA3 contains blocks: 
13:45:44,080 - room RoomA2 contains blocks:  Y G G
13:45:44,081 - room RoomB3 contains blocks:  P Y
13:45:44,081 - room RoomC1 contains blocks:  Y R R W G P
13:45:44,081 - room RoomA1 contains blocks:  B O O
13:45:44,081 - room RoomB2 contains blocks:  B Y
13:45:44,082 - room RoomC3 contains blocks:  R
13:45:44,082 - room RoomB1 contains blocks:  B R P
13:45:44,082 - room RoomC2 contains blocks:  W R
13:45:44,082 - sequence B G Y P O R
13:45:47,830 - action Bot_1 goTo(RoomA1)
13:45:54,461 - action Bot_1 goToBlock(49)
13:45:54,713 - action Bot_1 pickUp(49)
13:45:55,413 - action Bot_1 goTo(DropZone)
13:46:00,546 - action Bot_1 putDown
13:46:00,752 - action Bot_1 goTo(RoomA1)
13:46:05,946 - action Bot_1 goToBlock(50)
13:46:06,276 - action Bot_1 pickUp(50)
13:46:06,957 - action Bot_1 goTo(DropZone)
