23:38:21,243 - sequence
23:38:21,244 - room RoomA3 contains blocks: 
23:38:21,244 - room RoomA2 contains blocks:  Y G G
23:38:21,244 - room RoomB3 contains blocks:  P Y
23:38:21,245 - room RoomC1 contains blocks:  Y R R W G P
23:38:21,246 - room RoomA1 contains blocks:  B O O
23:38:21,246 - room RoomB2 contains blocks:  B Y
23:38:21,246 - room RoomC3 contains blocks:  R
23:38:21,247 - room RoomB1 contains blocks:  B R P
23:38:21,247 - room RoomC2 contains blocks:  W R
23:38:21,247 - sequence B G Y P O R
23:38:32,114 - action Bot_1 goTo(FrontRoomC3)
23:38:33,354 - action Bot_2 goTo(RoomA1)
23:38:42,782 - action Bot_2 goToBlock(49)
23:38:43,200 - action Bot_2 pickUp(49)
23:38:44,268 - action Bot_2 goTo(RoomC3)
23:38:49,013 - action Bot_2 putDown
23:38:49,543 - action Bot_2 goTo(RoomA1)
23:38:54,284 - action Bot_2 goToBlock(50)
23:38:54,642 - action Bot_2 pickUp(50)
23:38:55,539 - action Bot_2 goTo(RoomC3)
23:39:00,308 - action Bot_2 putDown
23:39:00,776 - action Bot_2 goTo(RoomA1)
23:39:05,906 - action Bot_2 goTo(RoomA2)
23:39:10,572 - action Bot_2 goToBlock(38)
23:39:10,999 - action Bot_2 pickUp(38)
23:39:12,027 - action Bot_2 goTo(RoomC3)
23:39:16,295 - action Bot_2 putDown
23:39:16,713 - action Bot_2 goTo(RoomA2)
23:39:20,998 - action Bot_2 goToBlock(39)
